<?xml version="1.0" encoding="UTF-8"?>
<testsuites name="bun test" tests="15" assertions="35" failures="0" skipped="0" time="3.199294055">
  <testsuite name="src/__tests__/wiki_lint.test.ts" file="src/__tests__/wiki_lint.test.ts" tests="2" assertions="4" failures="0" skipped="0" time="0" hostname="GZMO">
    <testsuite name="wiki_lint" file="src/__tests__/wiki_lint.test.ts" line="5" tests="2" assertions="4" failures="0" skipped="0" time="0.003" hostname="GZMO">
      <testcase name="normalization is safe (no HTML allowed, keeps body)" classname="wiki_lint" time="0.003" file="src/__tests__/wiki_lint.test.ts" line="11" assertions="3" />
      <testcase name="extractWikiLinks parses aliases and anchors" classname="wiki_lint" time="0" file="src/__tests__/wiki_lint.test.ts" line="6" assertions="1" />
    </testsuite>
  </testsuite>
  <testsuite name="src/__tests__/regressions.integration.test.ts" file="src/__tests__/regressions.integration.test.ts" tests="2" assertions="3" failures="0" skipped="0" time="0" hostname="GZMO">
    <testsuite name="regressions (integration)" file="src/__tests__/regressions.integration.test.ts" line="27" tests="2" assertions="3" failures="0" skipped="0" time="3.107" hostname="GZMO">
      <testcase name="embedding dedup preserves provenance for identical text in multiple files" classname="regressions (integration)" time="0.099002" file="src/__tests__/regressions.integration.test.ts" line="28" assertions="2" />
      <testcase name="task_failed event affects tension in next snapshots" classname="regressions (integration)" time="3.008069" file="src/__tests__/regressions.integration.test.ts" line="74" assertions="1" />
    </testsuite>
  </testsuite>
  <testsuite name="src/__tests__/wiki_graph.test.ts" file="src/__tests__/wiki_graph.test.ts" tests="3" assertions="6" failures="0" skipped="0" time="0" hostname="GZMO">
    <testsuite name="wiki_graph" file="src/__tests__/wiki_graph.test.ts" line="4" tests="3" assertions="6" failures="0" skipped="0" time="0" hostname="GZMO">
      <testcase name="is idempotent" classname="wiki_graph" time="0" file="src/__tests__/wiki_graph.test.ts" line="20" assertions="1" />
      <testcase name="adds Sources section if missing" classname="wiki_graph" time="0" file="src/__tests__/wiki_graph.test.ts" line="5" assertions="2" />
      <testcase name="inserts into existing Sources section" classname="wiki_graph" time="0" file="src/__tests__/wiki_graph.test.ts" line="12" assertions="3" />
    </testsuite>
  </testsuite>
  <testsuite name="src/__tests__/wiki_contract.test.ts" file="src/__tests__/wiki_contract.test.ts" tests="2" assertions="9" failures="0" skipped="0" time="0" hostname="GZMO">
    <testsuite name="wiki_contract" file="src/__tests__/wiki_contract.test.ts" line="4" tests="2" assertions="9" failures="0" skipped="0" time="0" hostname="GZMO">
      <testcase name="rejects HTML outside code fences" classname="wiki_contract" time="0" file="src/__tests__/wiki_contract.test.ts" line="25" assertions="1" />
      <testcase name="adds required frontmatter + H1 and derives type from path" classname="wiki_contract" time="0" file="src/__tests__/wiki_contract.test.ts" line="5" assertions="8" />
    </testsuite>
  </testsuite>
  <testsuite name="src/__tests__/auto_tasks.test.ts" file="src/__tests__/auto_tasks.test.ts" tests="4" assertions="10" failures="0" skipped="0" time="0" hostname="GZMO">
    <testsuite name="quarantine assessWikiDraft" file="src/__tests__/auto_tasks.test.ts" line="20" tests="2" assertions="3" failures="0" skipped="0" time="0" hostname="GZMO">
      <testcase name="accepts drafts with Entry citations" classname="quarantine assessWikiDraft" time="0" file="src/__tests__/auto_tasks.test.ts" line="28" assertions="1" />
      <testcase name="rejects drafts without per-entry evidence citations" classname="quarantine assessWikiDraft" time="0" file="src/__tests__/auto_tasks.test.ts" line="21" assertions="2" />
    </testsuite>
    <testsuite name="auto_tasks" file="src/__tests__/auto_tasks.test.ts" line="5" tests="2" assertions="7" failures="0" skipped="0" time="0.001" hostname="GZMO">
      <testcase name="parseTypedNextAction rejects untyped lines" classname="auto_tasks" time="0.001" file="src/__tests__/auto_tasks.test.ts" line="14" assertions="2" />
      <testcase name="parseTypedNextAction parses known types" classname="auto_tasks" time="0" file="src/__tests__/auto_tasks.test.ts" line="6" assertions="5" />
    </testsuite>
  </testsuite>
  <testsuite name="src/__tests__/ingest_engine.test.ts" file="src/__tests__/ingest_engine.test.ts" tests="2" assertions="3" failures="0" skipped="0" time="0" hostname="GZMO">
    <testsuite name="ingest_engine helpers" file="src/__tests__/ingest_engine.test.ts" line="4" tests="2" assertions="3" failures="0" skipped="0" time="0" hostname="GZMO">
      <testcase name="sanitizeSlug produces stable lowercase slug" classname="ingest_engine helpers" time="0" file="src/__tests__/ingest_engine.test.ts" line="5" assertions="2" />
      <testcase name="deriveSourceTitle turns path into human title" classname="ingest_engine helpers" time="0" file="src/__tests__/ingest_engine.test.ts" line="10" assertions="1" />
    </testsuite>
  </testsuite>
</testsuites>
